{"level":"error","message":"Request failed: [object Object]","stack":422}
{"data":{"message":["firstName must be a string","lastName must be a string"],"path":"/api/auth/register","statusCode":422,"timestamp":"2025-03-10T20:38:18.690Z"},"level":"error","message":"Request failed: Request failed with status code 422","method":"post","stack":"AxiosError: Request failed with status code 422\n    at settle (C:\\Users\\Maxim\\Desktop\\дача\\Проекты\\Проекты\\imanator\\.next\\server\\chunks\\ssr\\13e37_axios_lib_4fdfb3a0._.js:1908:16)\n    at IncomingMessage.handleStreamEnd (C:\\Users\\Maxim\\Desktop\\дача\\Проекты\\Проекты\\imanator\\.next\\server\\chunks\\ssr\\13e37_axios_lib_4fdfb3a0._.js:2996:229)\n    at IncomingMessage.emit (node:events:530:35)\n    at endReadableNT (node:internal/streams/readable:1698:12)\n    at process.processTicksAndRejections (node:internal/process/task_queues:90:21)","status":422,"url":"/auth/register"}
{"data":{"message":["firstName must be a string","lastName must be a string"],"path":"/api/auth/register","statusCode":422,"timestamp":"2025-03-10T20:40:38.413Z"},"level":"error","message":"Request failed: Request failed with status code 422","method":"post","stack":"AxiosError: Request failed with status code 422\n    at settle (C:\\Users\\Maxim\\Desktop\\дача\\Проекты\\Проекты\\imanator\\.next\\server\\chunks\\ssr\\13e37_axios_lib_4fdfb3a0._.js:1908:16)\n    at IncomingMessage.handleStreamEnd (C:\\Users\\Maxim\\Desktop\\дача\\Проекты\\Проекты\\imanator\\.next\\server\\chunks\\ssr\\13e37_axios_lib_4fdfb3a0._.js:2996:229)\n    at IncomingMessage.emit (node:events:530:35)\n    at endReadableNT (node:internal/streams/readable:1698:12)\n    at process.processTicksAndRejections (node:internal/process/task_queues:90:21)","status":422,"url":"/auth/register"}
{"data":{"message":"User with same email already exists.","path":"/api/auth/register","statusCode":400,"timestamp":"2025-03-10T20:56:21.167Z"},"level":"error","message":"Request failed: Request failed with status code 400","method":"post","stack":"AxiosError: Request failed with status code 400\n    at settle (C:\\Users\\Maxim\\Desktop\\дача\\Проекты\\Проекты\\imanator\\.next\\server\\chunks\\ssr\\13e37_axios_lib_4fdfb3a0._.js:1908:16)\n    at IncomingMessage.handleStreamEnd (C:\\Users\\Maxim\\Desktop\\дача\\Проекты\\Проекты\\imanator\\.next\\server\\chunks\\ssr\\13e37_axios_lib_4fdfb3a0._.js:2996:229)\n    at IncomingMessage.emit (node:events:530:35)\n    at endReadableNT (node:internal/streams/readable:1698:12)\n    at process.processTicksAndRejections (node:internal/process/task_queues:90:21)","status":400,"url":"/auth/register"}
{"data":{"message":"User with same email already exists.","path":"/api/auth/register","statusCode":400,"timestamp":"2025-03-10T20:58:58.956Z"},"level":"error","message":"Request failed: Request failed with status code 400","method":"post","status":400,"url":"/auth/register"}
{"data":{"message":"User with same email already exists.","path":"/api/auth/register","statusCode":400,"timestamp":"2025-03-10T21:00:38.596Z"},"level":"error","message":"Request failed: Request failed with status code 400","method":"post","status":400,"url":"/auth/register"}
{"data":{"message":"User with same email already exists.","path":"/api/auth/register","statusCode":400,"timestamp":"2025-03-10T21:02:44.225Z"},"level":"error","message":"Request failed: Request failed with status code 400","method":"post","status":400,"url":"/auth/register"}
{"data":{"message":"User with same email already exists.","path":"/api/auth/register","statusCode":400,"timestamp":"2025-03-10T21:03:55.041Z"},"level":"error","message":"Request failed: Request failed with status code 400","method":"post","status":400,"url":"/auth/register"}
{"data":{"message":"Not found","path":"/api/auth/login","statusCode":404,"timestamp":"2025-03-10T21:05:20.361Z"},"level":"error","message":"Request failed: Request failed with status code 404","method":"post","status":404,"url":"/auth/login"}
{"data":{"message":"Not found","path":"/api/auth/login","statusCode":404,"timestamp":"2025-03-10T21:26:33.466Z"},"level":"error","message":"Request failed: Request failed with status code 404","method":"post","status":404,"url":"/auth/login"}
{"data":{"message":[],"path":"","statusCode":500,"timestamp":"2025-03-10T21:26:56.662Z"},"level":"error","message":"Request failed: Request failed with status code 502","method":"post","status":502,"url":"/auth/register"}
{"data":{"message":"Not found","path":"/api/auth/login","statusCode":404,"timestamp":"2025-03-10T21:52:20.621Z"},"level":"error","message":"Request failed: Request failed with status code 404","method":"post","status":404,"url":"/auth/login"}
{"data":{"message":[],"path":"","statusCode":500,"timestamp":"2025-03-10T22:16:52.299Z"},"level":"error","message":"Request failed: Request failed with status code 404","method":"post","status":404,"url":"/auth/register"}
{"data":{"message":"User with same email already exists.","path":"/api/auth/register","statusCode":400,"timestamp":"2025-03-11T13:49:00.521Z"},"level":"error","message":"Request failed: Request failed with status code 400","method":"post","status":400,"url":"/auth/register"}
{"data":{"message":"User with same email already exists.","path":"/api/auth/register","statusCode":400,"timestamp":"2025-03-11T14:06:18.059Z"},"level":"error","message":"Request failed: Request failed with status code 400","method":"post","status":400,"url":"/auth/register"}
{"data":{"message":"User with same email already exists.","path":"/api/auth/register","statusCode":400,"timestamp":"2025-03-11T14:07:51.419Z"},"level":"error","message":"Request failed: Request failed with status code 400","method":"post","status":400,"url":"/auth/register"}
{"data":{"message":"User with same email already exists.","path":"/api/auth/register","statusCode":400,"timestamp":"2025-03-11T14:13:26.798Z"},"level":"error","message":"Request failed: Request failed with status code 400","method":"post","status":400,"url":"/auth/register"}
{"data":{"message":"User with same email already exists.","path":"/api/auth/register","statusCode":400,"timestamp":"2025-03-11T14:15:24.356Z"},"level":"error","message":"Request failed: Request failed with status code 400","method":"post","status":400,"url":"/auth/register"}
{"data":{"message":[],"path":"","statusCode":500,"timestamp":"2025-03-11T15:11:25.600Z"},"level":"error","message":"Request failed: Request failed with status code 404","method":"post","status":404,"url":"/auth/register"}
{"data":{"message":[],"path":"","statusCode":500,"timestamp":"2025-03-11T15:13:51.844Z"},"level":"error","message":"Request failed: Request failed with status code 401","method":"post","status":401,"url":"/auth/register"}
{"data":{"message":"Cannot POST /api/auth/access-token","path":"/api/auth/access-token","statusCode":404,"timestamp":"2025-03-11T15:27:52.197Z"},"level":"error","message":"Request failed: Request failed with status code 404","method":"post","status":404,"url":"/auth/access-token"}
{"data":{"message":"Cannot POST /api/auth/access-token","path":"/api/auth/access-token","statusCode":404,"timestamp":"2025-03-11T15:27:54.256Z"},"level":"error","message":"Request failed: Request failed with status code 404","method":"post","status":404,"url":"/auth/access-token"}
{"data":{"message":"Cannot POST /api/auth/access-token","path":"/api/auth/access-token","statusCode":404,"timestamp":"2025-03-11T15:27:56.847Z"},"level":"error","message":"Request failed: Request failed with status code 404","method":"post","status":404,"url":"/auth/access-token"}
{"data":{"message":"Cannot POST /api/auth/access-token","path":"/api/auth/access-token","statusCode":404,"timestamp":"2025-03-11T15:29:19.059Z"},"level":"error","message":"Request failed: Request failed with status code 404","method":"post","status":404,"url":"/auth/access-token"}
{"data":{"message":"Cannot POST /api/auth/access-token","path":"/api/auth/access-token","statusCode":404,"timestamp":"2025-03-11T15:32:01.059Z"},"level":"error","message":"Request failed: Request failed with status code 404","method":"post","status":404,"url":"/auth/access-token"}
{"data":{"message":"Cannot POST /api/auth/access-token","path":"/api/auth/access-token","statusCode":404,"timestamp":"2025-03-11T15:32:36.852Z"},"level":"error","message":"Request failed: Request failed with status code 404","method":"post","status":404,"url":"/auth/access-token"}
{"data":{"message":"Cannot POST /api/auth/access-token","path":"/api/auth/access-token","statusCode":404,"timestamp":"2025-03-11T15:32:37.372Z"},"level":"error","message":"Request failed: Request failed with status code 404","method":"post","status":404,"url":"/auth/access-token"}
{"data":{"message":"Cannot POST /api/auth/access-token","path":"/api/auth/access-token","statusCode":404,"timestamp":"2025-03-11T15:34:03.817Z"},"level":"error","message":"Request failed: Request failed with status code 404","method":"post","status":404,"url":"/auth/access-token"}
{"data":{"message":"Cannot POST /api/auth/access-token","path":"/api/auth/access-token","statusCode":404,"timestamp":"2025-03-11T15:34:04.402Z"},"level":"error","message":"Request failed: Request failed with status code 404","method":"post","status":404,"url":"/auth/access-token"}
{"data":{"message":"Cannot POST /api/auth/access-token","path":"/api/auth/access-token","statusCode":404,"timestamp":"2025-03-11T15:34:04.590Z"},"level":"error","message":"Request failed: Request failed with status code 404","method":"post","status":404,"url":"/auth/access-token"}
{"data":{"message":"Cannot POST /api/auth/access-token","path":"/api/auth/access-token","statusCode":404,"timestamp":"2025-03-11T15:34:10.308Z"},"level":"error","message":"Request failed: Request failed with status code 404","method":"post","status":404,"url":"/auth/access-token"}
{"data":{"message":"Cannot POST /api/auth/access-token","path":"/api/auth/access-token","statusCode":404,"timestamp":"2025-03-11T15:34:10.988Z"},"level":"error","message":"Request failed: Request failed with status code 404","method":"post","status":404,"url":"/auth/access-token"}
{"data":{"message":"Cannot POST /api/auth/access-token","path":"/api/auth/access-token","statusCode":404,"timestamp":"2025-03-11T15:34:11.178Z"},"level":"error","message":"Request failed: Request failed with status code 404","method":"post","status":404,"url":"/auth/access-token"}
{"data":{"message":"Cannot POST /api/auth/access-token","path":"/api/auth/access-token","statusCode":404,"timestamp":"2025-03-11T15:34:16.183Z"},"level":"error","message":"Request failed: Request failed with status code 404","method":"post","status":404,"url":"/auth/access-token"}
{"data":{"message":"Cannot POST /api/auth/access-token","path":"/api/auth/access-token","statusCode":404,"timestamp":"2025-03-11T15:34:16.652Z"},"level":"error","message":"Request failed: Request failed with status code 404","method":"post","status":404,"url":"/auth/access-token"}
{"data":{"message":"Cannot POST /api/auth/access-token","path":"/api/auth/access-token","statusCode":404,"timestamp":"2025-03-11T15:34:16.767Z"},"level":"error","message":"Request failed: Request failed with status code 404","method":"post","status":404,"url":"/auth/access-token"}
{"data":{"message":"Cannot POST /api/auth/access-token","path":"/api/auth/access-token","statusCode":404,"timestamp":"2025-03-11T15:34:17.625Z"},"level":"error","message":"Request failed: Request failed with status code 404","method":"post","status":404,"url":"/auth/access-token"}
{"data":{"message":"Cannot POST /api/auth/access-token","path":"/api/auth/access-token","statusCode":404,"timestamp":"2025-03-11T15:34:18.013Z"},"level":"error","message":"Request failed: Request failed with status code 404","method":"post","status":404,"url":"/auth/access-token"}
{"data":{"message":"Cannot POST /api/auth/access-token","path":"/api/auth/access-token","statusCode":404,"timestamp":"2025-03-11T15:34:18.152Z"},"level":"error","message":"Request failed: Request failed with status code 404","method":"post","status":404,"url":"/auth/access-token"}
{"data":{"message":"Cannot POST /api/auth/access-token","path":"/api/auth/access-token","statusCode":404,"timestamp":"2025-03-11T15:34:24.683Z"},"level":"error","message":"Request failed: Request failed with status code 404","method":"post","status":404,"url":"/auth/access-token"}
{"data":{"message":"Cannot POST /api/auth/access-token","path":"/api/auth/access-token","statusCode":404,"timestamp":"2025-03-11T15:34:24.922Z"},"level":"error","message":"Request failed: Request failed with status code 404","method":"post","status":404,"url":"/auth/access-token"}
{"data":{"message":"Cannot POST /api/auth/access-token","path":"/api/auth/access-token","statusCode":404,"timestamp":"2025-03-11T15:34:25.044Z"},"level":"error","message":"Request failed: Request failed with status code 404","method":"post","status":404,"url":"/auth/access-token"}
{"data":{"message":"Cannot POST /api/auth/access-token","path":"/api/auth/access-token","statusCode":404,"timestamp":"2025-03-11T15:34:31.479Z"},"level":"error","message":"Request failed: Request failed with status code 404","method":"post","status":404,"url":"/auth/access-token"}
{"data":{"message":"Cannot POST /api/auth/access-token","path":"/api/auth/access-token","statusCode":404,"timestamp":"2025-03-11T15:34:31.611Z"},"level":"error","message":"Request failed: Request failed with status code 404","method":"post","status":404,"url":"/auth/access-token"}
{"data":{"message":"Cannot POST /api/auth/access-token","path":"/api/auth/access-token","statusCode":404,"timestamp":"2025-03-11T15:34:32.862Z"},"level":"error","message":"Request failed: Request failed with status code 404","method":"post","status":404,"url":"/auth/access-token"}
{"data":{"message":"Cannot POST /api/auth/access-token","path":"/api/auth/access-token","statusCode":404,"timestamp":"2025-03-11T15:34:33.138Z"},"level":"error","message":"Request failed: Request failed with status code 404","method":"post","status":404,"url":"/auth/access-token"}
{"data":{"message":"Cannot POST /api/auth/access-token","path":"/api/auth/access-token","statusCode":404,"timestamp":"2025-03-11T15:34:33.188Z"},"level":"error","message":"Request failed: Request failed with status code 404","method":"post","status":404,"url":"/auth/access-token"}
{"data":{"message":"Cannot POST /api/auth/access-token","path":"/api/auth/access-token","statusCode":404,"timestamp":"2025-03-11T15:34:33.331Z"},"level":"error","message":"Request failed: Request failed with status code 404","method":"post","status":404,"url":"/auth/access-token"}
{"data":{"message":"Cannot POST /api/auth/access-token","path":"/api/auth/access-token","statusCode":404,"timestamp":"2025-03-11T15:34:36.783Z"},"level":"error","message":"Request failed: Request failed with status code 404","method":"post","status":404,"url":"/auth/access-token"}
{"data":{"message":"Cannot POST /api/auth/access-token","path":"/api/auth/access-token","statusCode":404,"timestamp":"2025-03-11T15:34:37.064Z"},"level":"error","message":"Request failed: Request failed with status code 404","method":"post","status":404,"url":"/auth/access-token"}
{"data":{"message":"Cannot POST /api/auth/access-token","path":"/api/auth/access-token","statusCode":404,"timestamp":"2025-03-11T15:34:37.259Z"},"level":"error","message":"Request failed: Request failed with status code 404","method":"post","status":404,"url":"/auth/access-token"}
{"data":{"message":"Cannot POST /api/auth/access-token","path":"/api/auth/access-token","statusCode":404,"timestamp":"2025-03-11T15:34:50.744Z"},"level":"error","message":"Request failed: Request failed with status code 404","method":"post","status":404,"url":"/auth/access-token"}
{"data":{"message":"Cannot POST /api/auth/access-token","path":"/api/auth/access-token","statusCode":404,"timestamp":"2025-03-11T15:34:51.160Z"},"level":"error","message":"Request failed: Request failed with status code 404","method":"post","status":404,"url":"/auth/access-token"}
{"data":{"message":"Cannot POST /api/auth/access-token","path":"/api/auth/access-token","statusCode":404,"timestamp":"2025-03-11T15:34:51.478Z"},"level":"error","message":"Request failed: Request failed with status code 404","method":"post","status":404,"url":"/auth/access-token"}
{"data":{"message":"Cannot POST /api/auth/access-token","path":"/api/auth/access-token","statusCode":404,"timestamp":"2025-03-11T15:34:59.057Z"},"level":"error","message":"Request failed: Request failed with status code 404","method":"post","status":404,"url":"/auth/access-token"}
{"data":{"message":"Cannot POST /api/auth/access-token","path":"/api/auth/access-token","statusCode":404,"timestamp":"2025-03-11T15:34:59.291Z"},"level":"error","message":"Request failed: Request failed with status code 404","method":"post","status":404,"url":"/auth/access-token"}
{"data":{"message":"Cannot POST /api/auth/access-token","path":"/api/auth/access-token","statusCode":404,"timestamp":"2025-03-11T15:34:59.502Z"},"level":"error","message":"Request failed: Request failed with status code 404","method":"post","status":404,"url":"/auth/access-token"}
{"data":{"message":["refreshToken must be a string"],"path":"/api/auth/refresh-tokens","statusCode":422,"timestamp":"2025-03-11T15:35:42.287Z"},"level":"error","message":"Request failed: Request failed with status code 422","method":"post","status":422,"url":"/auth/refresh-tokens"}
{"data":{"message":["refreshToken must be a string"],"path":"/api/auth/refresh-tokens","statusCode":422,"timestamp":"2025-03-11T15:35:42.377Z"},"level":"error","message":"Request failed: Request failed with status code 422","method":"post","status":422,"url":"/auth/refresh-tokens"}
{"data":{"message":["refreshToken must be a string"],"path":"/api/auth/refresh-tokens","statusCode":422,"timestamp":"2025-03-11T15:35:42.486Z"},"level":"error","message":"Request failed: Request failed with status code 422","method":"post","status":422,"url":"/auth/refresh-tokens"}
{"data":{"message":["refreshToken must be a string"],"path":"/api/auth/refresh-tokens","statusCode":422,"timestamp":"2025-03-11T15:35:56.222Z"},"level":"error","message":"Request failed: Request failed with status code 422","method":"post","status":422,"url":"/auth/refresh-tokens"}
{"data":{"message":["refreshToken must be a string"],"path":"/api/auth/refresh-tokens","statusCode":422,"timestamp":"2025-03-11T15:35:56.406Z"},"level":"error","message":"Request failed: Request failed with status code 422","method":"post","status":422,"url":"/auth/refresh-tokens"}
{"data":{"message":["refreshToken must be a string"],"path":"/api/auth/refresh-tokens","statusCode":422,"timestamp":"2025-03-11T15:35:56.516Z"},"level":"error","message":"Request failed: Request failed with status code 422","method":"post","status":422,"url":"/auth/refresh-tokens"}
{"data":{"message":[],"path":"","statusCode":500,"timestamp":"2025-03-11T15:48:13.464Z"},"level":"error","message":"Request failed: Request failed with status code 502","method":"post","status":502,"url":"/auth/refresh-tokens"}
{"data":{"message":[],"path":"","statusCode":500,"timestamp":"2025-03-11T15:48:15.521Z"},"level":"error","message":"Request failed: Request failed with status code 502","method":"post","status":502,"url":"/auth/refresh-tokens"}
{"data":{"message":[],"path":"","statusCode":500,"timestamp":"2025-03-11T15:48:17.563Z"},"level":"error","message":"Request failed: Request failed with status code 502","method":"post","status":502,"url":"/auth/refresh-tokens"}
{"data":{"message":[],"path":"","statusCode":500,"timestamp":"2025-03-11T15:53:49.862Z"},"level":"error","message":"Request failed: Request failed with status code 502","method":"post","status":502,"url":"/auth/refresh-tokens"}
{"data":{"message":[],"path":"","statusCode":500,"timestamp":"2025-03-11T15:53:51.906Z"},"level":"error","message":"Request failed: Request failed with status code 502","method":"post","status":502,"url":"/auth/refresh-tokens"}
{"data":{"message":[],"path":"","statusCode":500,"timestamp":"2025-03-11T15:53:53.950Z"},"level":"error","message":"Request failed: Request failed with status code 502","method":"post","status":502,"url":"/auth/refresh-tokens"}
{"data":{"message":[],"path":"","statusCode":500,"timestamp":"2025-03-11T15:53:58.195Z"},"level":"error","message":"Request failed: Request failed with status code 502","method":"post","status":502,"url":"/auth/refresh-tokens"}
{"data":{"message":[],"path":"","statusCode":500,"timestamp":"2025-03-11T15:54:00.238Z"},"level":"error","message":"Request failed: Request failed with status code 502","method":"post","status":502,"url":"/auth/refresh-tokens"}
{"data":{"message":[],"path":"","statusCode":500,"timestamp":"2025-03-11T15:54:02.285Z"},"level":"error","message":"Request failed: Request failed with status code 502","method":"post","status":502,"url":"/auth/refresh-tokens"}
{"data":{"message":[],"path":"","statusCode":500,"timestamp":"2025-03-11T15:54:25.282Z"},"level":"error","message":"Request failed: Request failed with status code 502","method":"post","status":502,"url":"/auth/refresh-tokens"}
{"data":{"message":[],"path":"","statusCode":500,"timestamp":"2025-03-11T15:54:27.367Z"},"level":"error","message":"Request failed: Request failed with status code 502","method":"post","status":502,"url":"/auth/refresh-tokens"}
{"data":{"message":[],"path":"","statusCode":500,"timestamp":"2025-03-11T15:54:29.386Z"},"level":"error","message":"Request failed: Request failed with status code 502","method":"post","status":502,"url":"/auth/refresh-tokens"}
{"data":{"message":[],"path":"","statusCode":500,"timestamp":"2025-03-11T15:54:31.419Z"},"level":"error","message":"Request failed: Request failed with status code 502","method":"post","status":502,"url":"/auth/refresh-tokens"}
{"data":{"message":[],"path":"","statusCode":500,"timestamp":"2025-03-11T15:54:33.476Z"},"level":"error","message":"Request failed: Request failed with status code 502","method":"post","status":502,"url":"/auth/refresh-tokens"}
{"data":{"message":[],"path":"","statusCode":500,"timestamp":"2025-03-11T15:54:35.526Z"},"level":"error","message":"Request failed: Request failed with status code 502","method":"post","status":502,"url":"/auth/refresh-tokens"}
{"data":{"message":[],"path":"","statusCode":500,"timestamp":"2025-03-11T15:54:37.583Z"},"level":"error","message":"Request failed: Request failed with status code 502","method":"post","status":502,"url":"/auth/refresh-tokens"}
{"data":{"message":[],"path":"","statusCode":500,"timestamp":"2025-03-11T15:54:39.621Z"},"level":"error","message":"Request failed: Request failed with status code 502","method":"post","status":502,"url":"/auth/refresh-tokens"}
{"data":{"message":[],"path":"","statusCode":500,"timestamp":"2025-03-11T15:54:41.698Z"},"level":"error","message":"Request failed: Request failed with status code 502","method":"post","status":502,"url":"/auth/refresh-tokens"}
{"data":{"message":"Invalid token","path":"/api/auth/refresh-tokens","statusCode":401,"timestamp":"2025-03-11T18:33:49.925Z"},"level":"error","message":"Request failed: Request failed with status code 401","method":"post","status":401,"url":"/auth/refresh-tokens"}
{"data":{"message":"Invalid token","path":"/api/auth/refresh-tokens","statusCode":401,"timestamp":"2025-03-11T18:33:55.675Z"},"level":"error","message":"Request failed: Request failed with status code 401","method":"post","status":401,"url":"/auth/refresh-tokens"}
{"data":{"message":"Invalid token","path":"/api/auth/refresh-tokens","statusCode":401,"timestamp":"2025-03-11T18:34:15.400Z"},"level":"error","message":"Request failed: Request failed with status code 401","method":"post","status":401,"url":"/auth/refresh-tokens"}
{"data":{"message":"Invalid token","path":"/api/auth/refresh-tokens","statusCode":401,"timestamp":"2025-03-11T18:34:16.513Z"},"level":"error","message":"Request failed: Request failed with status code 401","method":"post","status":401,"url":"/auth/refresh-tokens"}
{"data":{"message":"Invalid token","path":"/api/auth/refresh-tokens","statusCode":401,"timestamp":"2025-03-11T18:34:24.830Z"},"level":"error","message":"Request failed: Request failed with status code 401","method":"post","status":401,"url":"/auth/refresh-tokens"}
{"data":{"message":"Invalid token","path":"/api/auth/refresh-tokens","statusCode":401,"timestamp":"2025-03-11T18:34:25.718Z"},"level":"error","message":"Request failed: Request failed with status code 401","method":"post","status":401,"url":"/auth/refresh-tokens"}
{"data":{"message":"Invalid token","path":"/api/auth/refresh-tokens","statusCode":401,"timestamp":"2025-03-11T18:34:27.577Z"},"level":"error","message":"Request failed: Request failed with status code 401","method":"post","status":401,"url":"/auth/refresh-tokens"}
{"data":{"message":"Invalid token","path":"/api/auth/refresh-tokens","statusCode":401,"timestamp":"2025-03-11T18:34:29.045Z"},"level":"error","message":"Request failed: Request failed with status code 401","method":"post","status":401,"url":"/auth/refresh-tokens"}
{"data":{"message":"Invalid token","path":"/api/auth/refresh-tokens","statusCode":401,"timestamp":"2025-03-11T18:34:32.365Z"},"level":"error","message":"Request failed: Request failed with status code 401","method":"post","status":401,"url":"/auth/refresh-tokens"}
{"data":{"message":"Invalid token","path":"/api/auth/refresh-tokens","statusCode":401,"timestamp":"2025-03-11T18:34:34.328Z"},"level":"error","message":"Request failed: Request failed with status code 401","method":"post","status":401,"url":"/auth/refresh-tokens"}
{"data":{"message":"Invalid token","path":"/api/auth/refresh-tokens","statusCode":401,"timestamp":"2025-03-11T18:39:42.544Z"},"level":"error","message":"Request failed: Request failed with status code 401","method":"post","status":401,"url":"/auth/refresh-tokens"}
{"data":{"message":"Invalid token","path":"/api/auth/refresh-tokens","statusCode":401,"timestamp":"2025-03-11T18:39:44.967Z"},"level":"error","message":"Request failed: Request failed with status code 401","method":"post","status":401,"url":"/auth/refresh-tokens"}
{"data":{"message":"Invalid token","path":"/api/auth/refresh-tokens","statusCode":401,"timestamp":"2025-03-11T18:45:21.984Z"},"level":"error","message":"Request failed: Request failed with status code 401","method":"post","status":401,"url":"/auth/refresh-tokens"}
{"data":{"message":"Invalid token","path":"/api/auth/refresh-tokens","statusCode":401,"timestamp":"2025-03-11T18:45:24.097Z"},"level":"error","message":"Request failed: Request failed with status code 401","method":"post","status":401,"url":"/auth/refresh-tokens"}
{"data":{"message":"Invalid token","path":"/api/auth/refresh-tokens","statusCode":401,"timestamp":"2025-03-11T18:45:25.684Z"},"level":"error","message":"Request failed: Request failed with status code 401","method":"post","status":401,"url":"/auth/refresh-tokens"}
{"data":{"message":"Invalid token","path":"/api/auth/refresh-tokens","statusCode":401,"timestamp":"2025-03-11T18:45:27.472Z"},"level":"error","message":"Request failed: Request failed with status code 401","method":"post","status":401,"url":"/auth/refresh-tokens"}
{"data":{"message":"Invalid token","path":"/api/auth/refresh-tokens","statusCode":401,"timestamp":"2025-03-11T18:45:28.647Z"},"level":"error","message":"Request failed: Request failed with status code 401","method":"post","status":401,"url":"/auth/refresh-tokens"}
{"data":{"message":"Invalid token","path":"/api/auth/refresh-tokens","statusCode":401,"timestamp":"2025-03-11T18:45:31.853Z"},"level":"error","message":"Request failed: Request failed with status code 401","method":"post","status":401,"url":"/auth/refresh-tokens"}
{"data":{"message":"Invalid token","path":"/api/auth/refresh-tokens","statusCode":401,"timestamp":"2025-03-11T18:45:32.783Z"},"level":"error","message":"Request failed: Request failed with status code 401","method":"post","status":401,"url":"/auth/refresh-tokens"}
{"data":{"message":"Invalid token","path":"/api/auth/refresh-tokens","statusCode":401,"timestamp":"2025-03-11T18:45:37.362Z"},"level":"error","message":"Request failed: Request failed with status code 401","method":"post","status":401,"url":"/auth/refresh-tokens"}
{"data":{"message":"Invalid token","path":"/api/auth/refresh-tokens","statusCode":401,"timestamp":"2025-03-11T18:47:24.509Z"},"level":"error","message":"Request failed: Request failed with status code 401","method":"post","status":401,"url":"/auth/refresh-tokens"}
{"data":{"message":"Invalid token","path":"/api/auth/refresh-tokens","statusCode":401,"timestamp":"2025-03-11T18:47:25.361Z"},"level":"error","message":"Request failed: Request failed with status code 401","method":"post","status":401,"url":"/auth/refresh-tokens"}
{"data":{"message":"Invalid token","path":"/api/auth/refresh-tokens","statusCode":401,"timestamp":"2025-03-11T18:47:28.379Z"},"level":"error","message":"Request failed: Request failed with status code 401","method":"post","status":401,"url":"/auth/refresh-tokens"}
{"data":{"message":"Invalid token","path":"/api/auth/refresh-tokens","statusCode":401,"timestamp":"2025-03-11T18:47:29.703Z"},"level":"error","message":"Request failed: Request failed with status code 401","method":"post","status":401,"url":"/auth/refresh-tokens"}
{"data":{"message":[],"path":"","statusCode":500,"timestamp":"2025-03-12T20:35:01.134Z"},"level":"error","message":"Request failed: Request failed with status code 404","method":"post","status":404,"url":"/auth/login"}
{"data":{"message":[],"path":"","statusCode":500,"timestamp":"2025-03-12T20:37:18.462Z"},"level":"error","message":"Request failed: Request failed with status code 404","method":"post","status":404,"url":"/auth/login"}
{"data":{"message":"Invalid credentials","path":"/api/auth/login","statusCode":401,"timestamp":"2025-03-12T21:27:20.504Z"},"level":"error","message":"Request failed: Request failed with status code 401","method":"post","status":401,"url":"/auth/login"}
{"data":{"message":"Invalid credentials","path":"/api/auth/login","statusCode":401,"timestamp":"2025-03-12T21:44:35.008Z"},"level":"error","message":"Request failed: Request failed with status code 401","method":"post","status":401,"url":"/auth/login"}
{"data":{"message":[],"path":"","statusCode":500,"timestamp":"2025-03-14T09:36:10.165Z"},"level":"error","message":"Request failed: Request failed with status code 404","method":"post","status":404,"url":"/auth/refresh-tokens"}
{"data":{"message":[],"path":"","statusCode":500,"timestamp":"2025-03-14T09:36:34.555Z"},"level":"error","message":"Request failed: Request failed with status code 404","method":"post","status":404,"url":"/auth/refresh-tokens"}
{"data":{"message":[],"path":"","statusCode":500,"timestamp":"2025-03-14T09:37:34.145Z"},"level":"error","message":"Request failed: Request failed with status code 404","method":"post","status":404,"url":"/auth/refresh-tokens"}
{"data":{"message":[],"path":"","statusCode":500,"timestamp":"2025-03-14T09:37:41.442Z"},"level":"error","message":"Request failed: Request failed with status code 404","method":"post","status":404,"url":"/auth/refresh-tokens"}
{"data":{"message":[],"path":"","statusCode":500,"timestamp":"2025-03-14T09:39:30.092Z"},"level":"error","message":"Request failed: Request failed with status code 404","method":"post","status":404,"url":"/auth/refresh-tokens"}
{"data":{"message":[],"path":"","statusCode":500,"timestamp":"2025-03-14T09:39:51.520Z"},"level":"error","message":"Request failed: Request failed with status code 404","method":"post","status":404,"url":"/auth/refresh-tokens"}
{"data":{"message":[],"path":"","statusCode":500,"timestamp":"2025-03-14T09:40:00.096Z"},"level":"error","message":"Request failed: Request failed with status code 404","method":"post","status":404,"url":"/auth/refresh-tokens"}
{"data":{"message":[],"path":"","statusCode":500,"timestamp":"2025-03-14T09:41:16.188Z"},"level":"error","message":"Request failed: Request failed with status code 404","method":"post","status":404,"url":"/auth/refresh-tokens"}
{"data":{"message":[],"path":"","statusCode":500,"timestamp":"2025-03-14T09:41:36.374Z"},"level":"error","message":"Request failed: Request failed with status code 404","method":"post","status":404,"url":"/auth/login"}
{"data":{"message":[],"path":"","statusCode":500,"timestamp":"2025-03-14T09:42:26.627Z"},"level":"error","message":"Request failed: Request failed with status code 401","method":"post","status":401,"url":"/auth/login"}
{"data":{"message":[],"path":"","statusCode":500,"timestamp":"2025-03-14T09:42:50.105Z"},"level":"error","message":"Request failed: Request failed with status code 401","method":"post","status":401,"url":"/auth/login"}
{"data":{"message":[],"path":"","statusCode":500,"timestamp":"2025-03-14T09:43:20.018Z"},"level":"error","message":"Request failed: Request failed with status code 401","method":"post","status":401,"url":"/auth/login"}
{"data":{"message":[],"path":"","statusCode":500,"timestamp":"2025-03-14T09:58:55.841Z"},"level":"error","message":"Request failed: Request failed with status code 404","method":"post","status":404,"url":"/auth/refresh-tokens"}
{"data":{"message":[],"path":"","statusCode":500,"timestamp":"2025-03-14T10:00:03.746Z"},"level":"error","message":"Request failed: Request failed with status code 404","method":"post","status":404,"url":"/auth/refresh-tokens"}
{"data":{"message":[],"path":"","statusCode":500,"timestamp":"2025-03-14T10:00:15.236Z"},"level":"error","message":"Request failed: Request failed with status code 404","method":"post","status":404,"url":"/auth/refresh-tokens"}
{"data":{"message":[],"path":"","statusCode":500,"timestamp":"2025-03-14T10:00:20.902Z"},"level":"error","message":"Request failed: Request failed with status code 404","method":"post","status":404,"url":"/auth/refresh-tokens"}
